#! /usr/bin/vvp
:ivl_version "12.0 (stable)";
:ivl_delay_selection "TYPICAL";
:vpi_time_precision - 12;
:vpi_module "/usr/lib/x86_64-linux-gnu/ivl/system.vpi";
:vpi_module "/usr/lib/x86_64-linux-gnu/ivl/vhdl_sys.vpi";
:vpi_module "/usr/lib/x86_64-linux-gnu/ivl/vhdl_textio.vpi";
:vpi_module "/usr/lib/x86_64-linux-gnu/ivl/v2005_math.vpi";
:vpi_module "/usr/lib/x86_64-linux-gnu/ivl/va_math.vpi";
S_0x5b0c06a6c9a0 .scope module, "testbench" "testbench" 2 3;
 .timescale -9 -12;
v0x5b0c06aacbe0_0 .var "clk", 0 0;
v0x5b0c06aacc80_0 .net "pc_out", 31 0, L_0x5b0c06abd530;  1 drivers
v0x5b0c06aacd90_0 .var "rst", 0 0;
S_0x5b0c06a85df0 .scope module, "uut" "riscv_chip" 2 9, 3 153 0, S_0x5b0c06a6c9a0;
 .timescale -9 -12;
    .port_info 0 /INPUT 1 "clk";
    .port_info 1 /INPUT 1 "rst";
    .port_info 2 /OUTPUT 32 "pc_out";
v0x5b0c06aac960_0 .net "clk", 0 0, v0x5b0c06aacbe0_0;  1 drivers
v0x5b0c06aaca00_0 .net "pc_out", 31 0, L_0x5b0c06abd530;  alias, 1 drivers
v0x5b0c06aacac0_0 .net "rst", 0 0, v0x5b0c06aacd90_0;  1 drivers
S_0x5b0c06a72cd0 .scope module, "cpu" "riscv_single_cycle" 3 158, 3 48 0, S_0x5b0c06a85df0;
 .timescale -9 -12;
    .port_info 0 /INPUT 1 "clk";
    .port_info 1 /INPUT 1 "rst";
    .port_info 2 /OUTPUT 32 "pc_out";
L_0x5b0c06abe050 .functor BUFZ 32, L_0x5b0c06abe200, C4<00000000000000000000000000000000>, C4<00000000000000000000000000000000>, C4<00000000000000000000000000000000>;
L_0x5b0c06abd530 .functor BUFZ 32, v0x5b0c06aac310_0, C4<00000000000000000000000000000000>, C4<00000000000000000000000000000000>, C4<00000000000000000000000000000000>;
v0x5b0c06aaadf0_0 .net *"_ivl_1", 9 0, L_0x5b0c06aad2a0;  1 drivers
v0x5b0c06aaaed0_0 .net *"_ivl_17", 0 0, L_0x5b0c06abd910;  1 drivers
v0x5b0c06aaafb0_0 .net *"_ivl_18", 19 0, L_0x5b0c06abda30;  1 drivers
v0x5b0c06aab070_0 .net *"_ivl_2", 31 0, L_0x5b0c06aad340;  1 drivers
v0x5b0c06aab150_0 .net *"_ivl_21", 11 0, L_0x5b0c06abddc0;  1 drivers
v0x5b0c06aab280_0 .net *"_ivl_25", 2 0, L_0x5b0c06abdfb0;  1 drivers
L_0x7672ad9290a8 .functor BUFT 1, C4<0>, C4<0>, C4<0>, C4<0>;
v0x5b0c06aab360_0 .net *"_ivl_29", 0 0, L_0x7672ad9290a8;  1 drivers
v0x5b0c06aab440_0 .net *"_ivl_30", 31 0, L_0x5b0c06abe200;  1 drivers
v0x5b0c06aab520_0 .net *"_ivl_32", 6 0, L_0x5b0c06abe350;  1 drivers
L_0x7672ad9290f0 .functor BUFT 1, C4<00>, C4<0>, C4<0>, C4<0>;
v0x5b0c06aab600_0 .net *"_ivl_35", 1 0, L_0x7672ad9290f0;  1 drivers
L_0x7672ad929138 .functor BUFT 1, C4<0010011>, C4<0>, C4<0>, C4<0>;
v0x5b0c06aab6e0_0 .net/2u *"_ivl_38", 6 0, L_0x7672ad929138;  1 drivers
v0x5b0c06aab7c0_0 .net *"_ivl_40", 0 0, L_0x5b0c06abe5d0;  1 drivers
v0x5b0c06aab880_0 .net *"_ivl_42", 31 0, L_0x5b0c06abe7a0;  1 drivers
v0x5b0c06aab960_0 .net *"_ivl_44", 6 0, L_0x5b0c06abe840;  1 drivers
L_0x7672ad929180 .functor BUFT 1, C4<00>, C4<0>, C4<0>, C4<0>;
v0x5b0c06aaba40_0 .net *"_ivl_47", 1 0, L_0x7672ad929180;  1 drivers
L_0x7672ad929060 .functor BUFT 1, C4<0000000000000000000000>, C4<0>, C4<0>, C4<0>;
v0x5b0c06aabb20_0 .net *"_ivl_5", 21 0, L_0x7672ad929060;  1 drivers
v0x5b0c06aabc00_0 .net "clk", 0 0, v0x5b0c06aacbe0_0;  alias, 1 drivers
v0x5b0c06aabca0_0 .net "data_memory_out", 31 0, v0x5b0c06aaa2c0_0;  1 drivers
v0x5b0c06aabd40_0 .net "funct", 3 0, L_0x5b0c06abe0c0;  1 drivers
v0x5b0c06aabe00_0 .net "imm", 31 0, L_0x5b0c06abdec0;  1 drivers
v0x5b0c06aabee0_0 .net "instruction", 31 0, L_0x5b0c06a88770;  1 drivers
v0x5b0c06aabfa0_0 .var "mem_read", 0 0;
v0x5b0c06aac040_0 .var "mem_write", 0 0;
v0x5b0c06aac0e0_0 .net "op1", 31 0, L_0x5b0c06abe050;  1 drivers
v0x5b0c06aac180_0 .net "op2", 31 0, L_0x5b0c06abea70;  1 drivers
v0x5b0c06aac250_0 .net "opcode", 6 0, L_0x5b0c06abd5f0;  1 drivers
v0x5b0c06aac310_0 .var "pc", 31 0;
v0x5b0c06aac400_0 .net "pc_out", 31 0, L_0x5b0c06abd530;  alias, 1 drivers
v0x5b0c06aac4c0_0 .net "rd", 4 0, L_0x5b0c06abd870;  1 drivers
v0x5b0c06aac5a0 .array "regfile", 31 0, 31 0;
v0x5b0c06aac660_0 .net "rs1", 4 0, L_0x5b0c06abd6c0;  1 drivers
v0x5b0c06aac740_0 .net "rs2", 4 0, L_0x5b0c06abd760;  1 drivers
v0x5b0c06aac820_0 .net "rst", 0 0, v0x5b0c06aacd90_0;  alias, 1 drivers
L_0x5b0c06aad2a0 .part L_0x5b0c06abdec0, 0, 10;
L_0x5b0c06aad340 .concat [ 10 22 0 0], L_0x5b0c06aad2a0, L_0x7672ad929060;
L_0x5b0c06abd490 .arith/sum 32, L_0x5b0c06abe050, L_0x5b0c06aad340;
L_0x5b0c06abd5f0 .part L_0x5b0c06a88770, 0, 7;
L_0x5b0c06abd6c0 .part L_0x5b0c06a88770, 15, 5;
L_0x5b0c06abd760 .part L_0x5b0c06a88770, 20, 5;
L_0x5b0c06abd870 .part L_0x5b0c06a88770, 7, 5;
L_0x5b0c06abd910 .part L_0x5b0c06a88770, 31, 1;
LS_0x5b0c06abda30_0_0 .concat [ 1 1 1 1], L_0x5b0c06abd910, L_0x5b0c06abd910, L_0x5b0c06abd910, L_0x5b0c06abd910;
LS_0x5b0c06abda30_0_4 .concat [ 1 1 1 1], L_0x5b0c06abd910, L_0x5b0c06abd910, L_0x5b0c06abd910, L_0x5b0c06abd910;
LS_0x5b0c06abda30_0_8 .concat [ 1 1 1 1], L_0x5b0c06abd910, L_0x5b0c06abd910, L_0x5b0c06abd910, L_0x5b0c06abd910;
LS_0x5b0c06abda30_0_12 .concat [ 1 1 1 1], L_0x5b0c06abd910, L_0x5b0c06abd910, L_0x5b0c06abd910, L_0x5b0c06abd910;
LS_0x5b0c06abda30_0_16 .concat [ 1 1 1 1], L_0x5b0c06abd910, L_0x5b0c06abd910, L_0x5b0c06abd910, L_0x5b0c06abd910;
LS_0x5b0c06abda30_1_0 .concat [ 4 4 4 4], LS_0x5b0c06abda30_0_0, LS_0x5b0c06abda30_0_4, LS_0x5b0c06abda30_0_8, LS_0x5b0c06abda30_0_12;
LS_0x5b0c06abda30_1_4 .concat [ 4 0 0 0], LS_0x5b0c06abda30_0_16;
L_0x5b0c06abda30 .concat [ 16 4 0 0], LS_0x5b0c06abda30_1_0, LS_0x5b0c06abda30_1_4;
L_0x5b0c06abddc0 .part L_0x5b0c06a88770, 20, 12;
L_0x5b0c06abdec0 .concat [ 12 20 0 0], L_0x5b0c06abddc0, L_0x5b0c06abda30;
L_0x5b0c06abdfb0 .part L_0x5b0c06a88770, 12, 3;
L_0x5b0c06abe0c0 .concat [ 3 1 0 0], L_0x5b0c06abdfb0, L_0x7672ad9290a8;
L_0x5b0c06abe200 .array/port v0x5b0c06aac5a0, L_0x5b0c06abe350;
L_0x5b0c06abe350 .concat [ 5 2 0 0], L_0x5b0c06abd6c0, L_0x7672ad9290f0;
L_0x5b0c06abe5d0 .cmp/eq 7, L_0x5b0c06abd5f0, L_0x7672ad929138;
L_0x5b0c06abe7a0 .array/port v0x5b0c06aac5a0, L_0x5b0c06abe840;
L_0x5b0c06abe840 .concat [ 5 2 0 0], L_0x5b0c06abd760, L_0x7672ad929180;
L_0x5b0c06abea70 .functor MUXZ 32, L_0x5b0c06abe7a0, L_0x5b0c06abdec0, L_0x5b0c06abe5d0, C4<>;
S_0x5b0c06a72f00 .scope module, "data_mem" "data_memory" 3 76, 3 2 0, S_0x5b0c06a72cd0;
 .timescale -9 -12;
    .port_info 0 /INPUT 1 "clk";
    .port_info 1 /INPUT 32 "address";
    .port_info 2 /INPUT 32 "write_data";
    .port_info 3 /INPUT 1 "mem_write";
    .port_info 4 /INPUT 1 "mem_read";
    .port_info 5 /OUTPUT 32 "read_data";
v0x5b0c06a35d50_0 .net "address", 31 0, L_0x5b0c06abd490;  1 drivers
v0x5b0c06aa7780_0 .net "clk", 0 0, v0x5b0c06aacbe0_0;  alias, 1 drivers
v0x5b0c06aa7840_0 .net "mem_read", 0 0, v0x5b0c06aabfa0_0;  1 drivers
v0x5b0c06aa78e0_0 .net "mem_write", 0 0, v0x5b0c06aac040_0;  1 drivers
v0x5b0c06aa79a0 .array "memory", 255 0, 31 0;
v0x5b0c06aaa2c0_0 .var "read_data", 31 0;
v0x5b0c06aaa3a0_0 .net "write_data", 31 0, L_0x5b0c06abea70;  alias, 1 drivers
v0x5b0c06aa79a0_0 .array/port v0x5b0c06aa79a0, 0;
v0x5b0c06aa79a0_1 .array/port v0x5b0c06aa79a0, 1;
E_0x5b0c06a709b0/0 .event anyedge, v0x5b0c06aa7840_0, v0x5b0c06a35d50_0, v0x5b0c06aa79a0_0, v0x5b0c06aa79a0_1;
v0x5b0c06aa79a0_2 .array/port v0x5b0c06aa79a0, 2;
v0x5b0c06aa79a0_3 .array/port v0x5b0c06aa79a0, 3;
v0x5b0c06aa79a0_4 .array/port v0x5b0c06aa79a0, 4;
v0x5b0c06aa79a0_5 .array/port v0x5b0c06aa79a0, 5;
E_0x5b0c06a709b0/1 .event anyedge, v0x5b0c06aa79a0_2, v0x5b0c06aa79a0_3, v0x5b0c06aa79a0_4, v0x5b0c06aa79a0_5;
v0x5b0c06aa79a0_6 .array/port v0x5b0c06aa79a0, 6;
v0x5b0c06aa79a0_7 .array/port v0x5b0c06aa79a0, 7;
v0x5b0c06aa79a0_8 .array/port v0x5b0c06aa79a0, 8;
v0x5b0c06aa79a0_9 .array/port v0x5b0c06aa79a0, 9;
E_0x5b0c06a709b0/2 .event anyedge, v0x5b0c06aa79a0_6, v0x5b0c06aa79a0_7, v0x5b0c06aa79a0_8, v0x5b0c06aa79a0_9;
v0x5b0c06aa79a0_10 .array/port v0x5b0c06aa79a0, 10;
v0x5b0c06aa79a0_11 .array/port v0x5b0c06aa79a0, 11;
v0x5b0c06aa79a0_12 .array/port v0x5b0c06aa79a0, 12;
v0x5b0c06aa79a0_13 .array/port v0x5b0c06aa79a0, 13;
E_0x5b0c06a709b0/3 .event anyedge, v0x5b0c06aa79a0_10, v0x5b0c06aa79a0_11, v0x5b0c06aa79a0_12, v0x5b0c06aa79a0_13;
v0x5b0c06aa79a0_14 .array/port v0x5b0c06aa79a0, 14;
v0x5b0c06aa79a0_15 .array/port v0x5b0c06aa79a0, 15;
v0x5b0c06aa79a0_16 .array/port v0x5b0c06aa79a0, 16;
v0x5b0c06aa79a0_17 .array/port v0x5b0c06aa79a0, 17;
E_0x5b0c06a709b0/4 .event anyedge, v0x5b0c06aa79a0_14, v0x5b0c06aa79a0_15, v0x5b0c06aa79a0_16, v0x5b0c06aa79a0_17;
v0x5b0c06aa79a0_18 .array/port v0x5b0c06aa79a0, 18;
v0x5b0c06aa79a0_19 .array/port v0x5b0c06aa79a0, 19;
v0x5b0c06aa79a0_20 .array/port v0x5b0c06aa79a0, 20;
v0x5b0c06aa79a0_21 .array/port v0x5b0c06aa79a0, 21;
E_0x5b0c06a709b0/5 .event anyedge, v0x5b0c06aa79a0_18, v0x5b0c06aa79a0_19, v0x5b0c06aa79a0_20, v0x5b0c06aa79a0_21;
v0x5b0c06aa79a0_22 .array/port v0x5b0c06aa79a0, 22;
v0x5b0c06aa79a0_23 .array/port v0x5b0c06aa79a0, 23;
v0x5b0c06aa79a0_24 .array/port v0x5b0c06aa79a0, 24;
v0x5b0c06aa79a0_25 .array/port v0x5b0c06aa79a0, 25;
E_0x5b0c06a709b0/6 .event anyedge, v0x5b0c06aa79a0_22, v0x5b0c06aa79a0_23, v0x5b0c06aa79a0_24, v0x5b0c06aa79a0_25;
v0x5b0c06aa79a0_26 .array/port v0x5b0c06aa79a0, 26;
v0x5b0c06aa79a0_27 .array/port v0x5b0c06aa79a0, 27;
v0x5b0c06aa79a0_28 .array/port v0x5b0c06aa79a0, 28;
v0x5b0c06aa79a0_29 .array/port v0x5b0c06aa79a0, 29;
E_0x5b0c06a709b0/7 .event anyedge, v0x5b0c06aa79a0_26, v0x5b0c06aa79a0_27, v0x5b0c06aa79a0_28, v0x5b0c06aa79a0_29;
v0x5b0c06aa79a0_30 .array/port v0x5b0c06aa79a0, 30;
v0x5b0c06aa79a0_31 .array/port v0x5b0c06aa79a0, 31;
v0x5b0c06aa79a0_32 .array/port v0x5b0c06aa79a0, 32;
v0x5b0c06aa79a0_33 .array/port v0x5b0c06aa79a0, 33;
E_0x5b0c06a709b0/8 .event anyedge, v0x5b0c06aa79a0_30, v0x5b0c06aa79a0_31, v0x5b0c06aa79a0_32, v0x5b0c06aa79a0_33;
v0x5b0c06aa79a0_34 .array/port v0x5b0c06aa79a0, 34;
v0x5b0c06aa79a0_35 .array/port v0x5b0c06aa79a0, 35;
v0x5b0c06aa79a0_36 .array/port v0x5b0c06aa79a0, 36;
v0x5b0c06aa79a0_37 .array/port v0x5b0c06aa79a0, 37;
E_0x5b0c06a709b0/9 .event anyedge, v0x5b0c06aa79a0_34, v0x5b0c06aa79a0_35, v0x5b0c06aa79a0_36, v0x5b0c06aa79a0_37;
v0x5b0c06aa79a0_38 .array/port v0x5b0c06aa79a0, 38;
v0x5b0c06aa79a0_39 .array/port v0x5b0c06aa79a0, 39;
v0x5b0c06aa79a0_40 .array/port v0x5b0c06aa79a0, 40;
v0x5b0c06aa79a0_41 .array/port v0x5b0c06aa79a0, 41;
E_0x5b0c06a709b0/10 .event anyedge, v0x5b0c06aa79a0_38, v0x5b0c06aa79a0_39, v0x5b0c06aa79a0_40, v0x5b0c06aa79a0_41;
v0x5b0c06aa79a0_42 .array/port v0x5b0c06aa79a0, 42;
v0x5b0c06aa79a0_43 .array/port v0x5b0c06aa79a0, 43;
v0x5b0c06aa79a0_44 .array/port v0x5b0c06aa79a0, 44;
v0x5b0c06aa79a0_45 .array/port v0x5b0c06aa79a0, 45;
E_0x5b0c06a709b0/11 .event anyedge, v0x5b0c06aa79a0_42, v0x5b0c06aa79a0_43, v0x5b0c06aa79a0_44, v0x5b0c06aa79a0_45;
v0x5b0c06aa79a0_46 .array/port v0x5b0c06aa79a0, 46;
v0x5b0c06aa79a0_47 .array/port v0x5b0c06aa79a0, 47;
v0x5b0c06aa79a0_48 .array/port v0x5b0c06aa79a0, 48;
v0x5b0c06aa79a0_49 .array/port v0x5b0c06aa79a0, 49;
E_0x5b0c06a709b0/12 .event anyedge, v0x5b0c06aa79a0_46, v0x5b0c06aa79a0_47, v0x5b0c06aa79a0_48, v0x5b0c06aa79a0_49;
v0x5b0c06aa79a0_50 .array/port v0x5b0c06aa79a0, 50;
v0x5b0c06aa79a0_51 .array/port v0x5b0c06aa79a0, 51;
v0x5b0c06aa79a0_52 .array/port v0x5b0c06aa79a0, 52;
v0x5b0c06aa79a0_53 .array/port v0x5b0c06aa79a0, 53;
E_0x5b0c06a709b0/13 .event anyedge, v0x5b0c06aa79a0_50, v0x5b0c06aa79a0_51, v0x5b0c06aa79a0_52, v0x5b0c06aa79a0_53;
v0x5b0c06aa79a0_54 .array/port v0x5b0c06aa79a0, 54;
v0x5b0c06aa79a0_55 .array/port v0x5b0c06aa79a0, 55;
v0x5b0c06aa79a0_56 .array/port v0x5b0c06aa79a0, 56;
v0x5b0c06aa79a0_57 .array/port v0x5b0c06aa79a0, 57;
E_0x5b0c06a709b0/14 .event anyedge, v0x5b0c06aa79a0_54, v0x5b0c06aa79a0_55, v0x5b0c06aa79a0_56, v0x5b0c06aa79a0_57;
v0x5b0c06aa79a0_58 .array/port v0x5b0c06aa79a0, 58;
v0x5b0c06aa79a0_59 .array/port v0x5b0c06aa79a0, 59;
v0x5b0c06aa79a0_60 .array/port v0x5b0c06aa79a0, 60;
v0x5b0c06aa79a0_61 .array/port v0x5b0c06aa79a0, 61;
E_0x5b0c06a709b0/15 .event anyedge, v0x5b0c06aa79a0_58, v0x5b0c06aa79a0_59, v0x5b0c06aa79a0_60, v0x5b0c06aa79a0_61;
v0x5b0c06aa79a0_62 .array/port v0x5b0c06aa79a0, 62;
v0x5b0c06aa79a0_63 .array/port v0x5b0c06aa79a0, 63;
v0x5b0c06aa79a0_64 .array/port v0x5b0c06aa79a0, 64;
v0x5b0c06aa79a0_65 .array/port v0x5b0c06aa79a0, 65;
E_0x5b0c06a709b0/16 .event anyedge, v0x5b0c06aa79a0_62, v0x5b0c06aa79a0_63, v0x5b0c06aa79a0_64, v0x5b0c06aa79a0_65;
v0x5b0c06aa79a0_66 .array/port v0x5b0c06aa79a0, 66;
v0x5b0c06aa79a0_67 .array/port v0x5b0c06aa79a0, 67;
v0x5b0c06aa79a0_68 .array/port v0x5b0c06aa79a0, 68;
v0x5b0c06aa79a0_69 .array/port v0x5b0c06aa79a0, 69;
E_0x5b0c06a709b0/17 .event anyedge, v0x5b0c06aa79a0_66, v0x5b0c06aa79a0_67, v0x5b0c06aa79a0_68, v0x5b0c06aa79a0_69;
v0x5b0c06aa79a0_70 .array/port v0x5b0c06aa79a0, 70;
v0x5b0c06aa79a0_71 .array/port v0x5b0c06aa79a0, 71;
v0x5b0c06aa79a0_72 .array/port v0x5b0c06aa79a0, 72;
v0x5b0c06aa79a0_73 .array/port v0x5b0c06aa79a0, 73;
E_0x5b0c06a709b0/18 .event anyedge, v0x5b0c06aa79a0_70, v0x5b0c06aa79a0_71, v0x5b0c06aa79a0_72, v0x5b0c06aa79a0_73;
v0x5b0c06aa79a0_74 .array/port v0x5b0c06aa79a0, 74;
v0x5b0c06aa79a0_75 .array/port v0x5b0c06aa79a0, 75;
v0x5b0c06aa79a0_76 .array/port v0x5b0c06aa79a0, 76;
v0x5b0c06aa79a0_77 .array/port v0x5b0c06aa79a0, 77;
E_0x5b0c06a709b0/19 .event anyedge, v0x5b0c06aa79a0_74, v0x5b0c06aa79a0_75, v0x5b0c06aa79a0_76, v0x5b0c06aa79a0_77;
v0x5b0c06aa79a0_78 .array/port v0x5b0c06aa79a0, 78;
v0x5b0c06aa79a0_79 .array/port v0x5b0c06aa79a0, 79;
v0x5b0c06aa79a0_80 .array/port v0x5b0c06aa79a0, 80;
v0x5b0c06aa79a0_81 .array/port v0x5b0c06aa79a0, 81;
E_0x5b0c06a709b0/20 .event anyedge, v0x5b0c06aa79a0_78, v0x5b0c06aa79a0_79, v0x5b0c06aa79a0_80, v0x5b0c06aa79a0_81;
v0x5b0c06aa79a0_82 .array/port v0x5b0c06aa79a0, 82;
v0x5b0c06aa79a0_83 .array/port v0x5b0c06aa79a0, 83;
v0x5b0c06aa79a0_84 .array/port v0x5b0c06aa79a0, 84;
v0x5b0c06aa79a0_85 .array/port v0x5b0c06aa79a0, 85;
E_0x5b0c06a709b0/21 .event anyedge, v0x5b0c06aa79a0_82, v0x5b0c06aa79a0_83, v0x5b0c06aa79a0_84, v0x5b0c06aa79a0_85;
v0x5b0c06aa79a0_86 .array/port v0x5b0c06aa79a0, 86;
v0x5b0c06aa79a0_87 .array/port v0x5b0c06aa79a0, 87;
v0x5b0c06aa79a0_88 .array/port v0x5b0c06aa79a0, 88;
v0x5b0c06aa79a0_89 .array/port v0x5b0c06aa79a0, 89;
E_0x5b0c06a709b0/22 .event anyedge, v0x5b0c06aa79a0_86, v0x5b0c06aa79a0_87, v0x5b0c06aa79a0_88, v0x5b0c06aa79a0_89;
v0x5b0c06aa79a0_90 .array/port v0x5b0c06aa79a0, 90;
v0x5b0c06aa79a0_91 .array/port v0x5b0c06aa79a0, 91;
v0x5b0c06aa79a0_92 .array/port v0x5b0c06aa79a0, 92;
v0x5b0c06aa79a0_93 .array/port v0x5b0c06aa79a0, 93;
E_0x5b0c06a709b0/23 .event anyedge, v0x5b0c06aa79a0_90, v0x5b0c06aa79a0_91, v0x5b0c06aa79a0_92, v0x5b0c06aa79a0_93;
v0x5b0c06aa79a0_94 .array/port v0x5b0c06aa79a0, 94;
v0x5b0c06aa79a0_95 .array/port v0x5b0c06aa79a0, 95;
v0x5b0c06aa79a0_96 .array/port v0x5b0c06aa79a0, 96;
v0x5b0c06aa79a0_97 .array/port v0x5b0c06aa79a0, 97;
E_0x5b0c06a709b0/24 .event anyedge, v0x5b0c06aa79a0_94, v0x5b0c06aa79a0_95, v0x5b0c06aa79a0_96, v0x5b0c06aa79a0_97;
v0x5b0c06aa79a0_98 .array/port v0x5b0c06aa79a0, 98;
v0x5b0c06aa79a0_99 .array/port v0x5b0c06aa79a0, 99;
v0x5b0c06aa79a0_100 .array/port v0x5b0c06aa79a0, 100;
v0x5b0c06aa79a0_101 .array/port v0x5b0c06aa79a0, 101;
E_0x5b0c06a709b0/25 .event anyedge, v0x5b0c06aa79a0_98, v0x5b0c06aa79a0_99, v0x5b0c06aa79a0_100, v0x5b0c06aa79a0_101;
v0x5b0c06aa79a0_102 .array/port v0x5b0c06aa79a0, 102;
v0x5b0c06aa79a0_103 .array/port v0x5b0c06aa79a0, 103;
v0x5b0c06aa79a0_104 .array/port v0x5b0c06aa79a0, 104;
v0x5b0c06aa79a0_105 .array/port v0x5b0c06aa79a0, 105;
E_0x5b0c06a709b0/26 .event anyedge, v0x5b0c06aa79a0_102, v0x5b0c06aa79a0_103, v0x5b0c06aa79a0_104, v0x5b0c06aa79a0_105;
v0x5b0c06aa79a0_106 .array/port v0x5b0c06aa79a0, 106;
v0x5b0c06aa79a0_107 .array/port v0x5b0c06aa79a0, 107;
v0x5b0c06aa79a0_108 .array/port v0x5b0c06aa79a0, 108;
v0x5b0c06aa79a0_109 .array/port v0x5b0c06aa79a0, 109;
E_0x5b0c06a709b0/27 .event anyedge, v0x5b0c06aa79a0_106, v0x5b0c06aa79a0_107, v0x5b0c06aa79a0_108, v0x5b0c06aa79a0_109;
v0x5b0c06aa79a0_110 .array/port v0x5b0c06aa79a0, 110;
v0x5b0c06aa79a0_111 .array/port v0x5b0c06aa79a0, 111;
v0x5b0c06aa79a0_112 .array/port v0x5b0c06aa79a0, 112;
v0x5b0c06aa79a0_113 .array/port v0x5b0c06aa79a0, 113;
E_0x5b0c06a709b0/28 .event anyedge, v0x5b0c06aa79a0_110, v0x5b0c06aa79a0_111, v0x5b0c06aa79a0_112, v0x5b0c06aa79a0_113;
v0x5b0c06aa79a0_114 .array/port v0x5b0c06aa79a0, 114;
v0x5b0c06aa79a0_115 .array/port v0x5b0c06aa79a0, 115;
v0x5b0c06aa79a0_116 .array/port v0x5b0c06aa79a0, 116;
v0x5b0c06aa79a0_117 .array/port v0x5b0c06aa79a0, 117;
E_0x5b0c06a709b0/29 .event anyedge, v0x5b0c06aa79a0_114, v0x5b0c06aa79a0_115, v0x5b0c06aa79a0_116, v0x5b0c06aa79a0_117;
v0x5b0c06aa79a0_118 .array/port v0x5b0c06aa79a0, 118;
v0x5b0c06aa79a0_119 .array/port v0x5b0c06aa79a0, 119;
v0x5b0c06aa79a0_120 .array/port v0x5b0c06aa79a0, 120;
v0x5b0c06aa79a0_121 .array/port v0x5b0c06aa79a0, 121;
E_0x5b0c06a709b0/30 .event anyedge, v0x5b0c06aa79a0_118, v0x5b0c06aa79a0_119, v0x5b0c06aa79a0_120, v0x5b0c06aa79a0_121;
v0x5b0c06aa79a0_122 .array/port v0x5b0c06aa79a0, 122;
v0x5b0c06aa79a0_123 .array/port v0x5b0c06aa79a0, 123;
v0x5b0c06aa79a0_124 .array/port v0x5b0c06aa79a0, 124;
v0x5b0c06aa79a0_125 .array/port v0x5b0c06aa79a0, 125;
E_0x5b0c06a709b0/31 .event anyedge, v0x5b0c06aa79a0_122, v0x5b0c06aa79a0_123, v0x5b0c06aa79a0_124, v0x5b0c06aa79a0_125;
v0x5b0c06aa79a0_126 .array/port v0x5b0c06aa79a0, 126;
v0x5b0c06aa79a0_127 .array/port v0x5b0c06aa79a0, 127;
v0x5b0c06aa79a0_128 .array/port v0x5b0c06aa79a0, 128;
v0x5b0c06aa79a0_129 .array/port v0x5b0c06aa79a0, 129;
E_0x5b0c06a709b0/32 .event anyedge, v0x5b0c06aa79a0_126, v0x5b0c06aa79a0_127, v0x5b0c06aa79a0_128, v0x5b0c06aa79a0_129;
v0x5b0c06aa79a0_130 .array/port v0x5b0c06aa79a0, 130;
v0x5b0c06aa79a0_131 .array/port v0x5b0c06aa79a0, 131;
v0x5b0c06aa79a0_132 .array/port v0x5b0c06aa79a0, 132;
v0x5b0c06aa79a0_133 .array/port v0x5b0c06aa79a0, 133;
E_0x5b0c06a709b0/33 .event anyedge, v0x5b0c06aa79a0_130, v0x5b0c06aa79a0_131, v0x5b0c06aa79a0_132, v0x5b0c06aa79a0_133;
v0x5b0c06aa79a0_134 .array/port v0x5b0c06aa79a0, 134;
v0x5b0c06aa79a0_135 .array/port v0x5b0c06aa79a0, 135;
v0x5b0c06aa79a0_136 .array/port v0x5b0c06aa79a0, 136;
v0x5b0c06aa79a0_137 .array/port v0x5b0c06aa79a0, 137;
E_0x5b0c06a709b0/34 .event anyedge, v0x5b0c06aa79a0_134, v0x5b0c06aa79a0_135, v0x5b0c06aa79a0_136, v0x5b0c06aa79a0_137;
v0x5b0c06aa79a0_138 .array/port v0x5b0c06aa79a0, 138;
v0x5b0c06aa79a0_139 .array/port v0x5b0c06aa79a0, 139;
v0x5b0c06aa79a0_140 .array/port v0x5b0c06aa79a0, 140;
v0x5b0c06aa79a0_141 .array/port v0x5b0c06aa79a0, 141;
E_0x5b0c06a709b0/35 .event anyedge, v0x5b0c06aa79a0_138, v0x5b0c06aa79a0_139, v0x5b0c06aa79a0_140, v0x5b0c06aa79a0_141;
v0x5b0c06aa79a0_142 .array/port v0x5b0c06aa79a0, 142;
v0x5b0c06aa79a0_143 .array/port v0x5b0c06aa79a0, 143;
v0x5b0c06aa79a0_144 .array/port v0x5b0c06aa79a0, 144;
v0x5b0c06aa79a0_145 .array/port v0x5b0c06aa79a0, 145;
E_0x5b0c06a709b0/36 .event anyedge, v0x5b0c06aa79a0_142, v0x5b0c06aa79a0_143, v0x5b0c06aa79a0_144, v0x5b0c06aa79a0_145;
v0x5b0c06aa79a0_146 .array/port v0x5b0c06aa79a0, 146;
v0x5b0c06aa79a0_147 .array/port v0x5b0c06aa79a0, 147;
v0x5b0c06aa79a0_148 .array/port v0x5b0c06aa79a0, 148;
v0x5b0c06aa79a0_149 .array/port v0x5b0c06aa79a0, 149;
E_0x5b0c06a709b0/37 .event anyedge, v0x5b0c06aa79a0_146, v0x5b0c06aa79a0_147, v0x5b0c06aa79a0_148, v0x5b0c06aa79a0_149;
v0x5b0c06aa79a0_150 .array/port v0x5b0c06aa79a0, 150;
v0x5b0c06aa79a0_151 .array/port v0x5b0c06aa79a0, 151;
v0x5b0c06aa79a0_152 .array/port v0x5b0c06aa79a0, 152;
v0x5b0c06aa79a0_153 .array/port v0x5b0c06aa79a0, 153;
E_0x5b0c06a709b0/38 .event anyedge, v0x5b0c06aa79a0_150, v0x5b0c06aa79a0_151, v0x5b0c06aa79a0_152, v0x5b0c06aa79a0_153;
v0x5b0c06aa79a0_154 .array/port v0x5b0c06aa79a0, 154;
v0x5b0c06aa79a0_155 .array/port v0x5b0c06aa79a0, 155;
v0x5b0c06aa79a0_156 .array/port v0x5b0c06aa79a0, 156;
v0x5b0c06aa79a0_157 .array/port v0x5b0c06aa79a0, 157;
E_0x5b0c06a709b0/39 .event anyedge, v0x5b0c06aa79a0_154, v0x5b0c06aa79a0_155, v0x5b0c06aa79a0_156, v0x5b0c06aa79a0_157;
v0x5b0c06aa79a0_158 .array/port v0x5b0c06aa79a0, 158;
v0x5b0c06aa79a0_159 .array/port v0x5b0c06aa79a0, 159;
v0x5b0c06aa79a0_160 .array/port v0x5b0c06aa79a0, 160;
v0x5b0c06aa79a0_161 .array/port v0x5b0c06aa79a0, 161;
E_0x5b0c06a709b0/40 .event anyedge, v0x5b0c06aa79a0_158, v0x5b0c06aa79a0_159, v0x5b0c06aa79a0_160, v0x5b0c06aa79a0_161;
v0x5b0c06aa79a0_162 .array/port v0x5b0c06aa79a0, 162;
v0x5b0c06aa79a0_163 .array/port v0x5b0c06aa79a0, 163;
v0x5b0c06aa79a0_164 .array/port v0x5b0c06aa79a0, 164;
v0x5b0c06aa79a0_165 .array/port v0x5b0c06aa79a0, 165;
E_0x5b0c06a709b0/41 .event anyedge, v0x5b0c06aa79a0_162, v0x5b0c06aa79a0_163, v0x5b0c06aa79a0_164, v0x5b0c06aa79a0_165;
v0x5b0c06aa79a0_166 .array/port v0x5b0c06aa79a0, 166;
v0x5b0c06aa79a0_167 .array/port v0x5b0c06aa79a0, 167;
v0x5b0c06aa79a0_168 .array/port v0x5b0c06aa79a0, 168;
v0x5b0c06aa79a0_169 .array/port v0x5b0c06aa79a0, 169;
E_0x5b0c06a709b0/42 .event anyedge, v0x5b0c06aa79a0_166, v0x5b0c06aa79a0_167, v0x5b0c06aa79a0_168, v0x5b0c06aa79a0_169;
v0x5b0c06aa79a0_170 .array/port v0x5b0c06aa79a0, 170;
v0x5b0c06aa79a0_171 .array/port v0x5b0c06aa79a0, 171;
v0x5b0c06aa79a0_172 .array/port v0x5b0c06aa79a0, 172;
v0x5b0c06aa79a0_173 .array/port v0x5b0c06aa79a0, 173;
E_0x5b0c06a709b0/43 .event anyedge, v0x5b0c06aa79a0_170, v0x5b0c06aa79a0_171, v0x5b0c06aa79a0_172, v0x5b0c06aa79a0_173;
v0x5b0c06aa79a0_174 .array/port v0x5b0c06aa79a0, 174;
v0x5b0c06aa79a0_175 .array/port v0x5b0c06aa79a0, 175;
v0x5b0c06aa79a0_176 .array/port v0x5b0c06aa79a0, 176;
v0x5b0c06aa79a0_177 .array/port v0x5b0c06aa79a0, 177;
E_0x5b0c06a709b0/44 .event anyedge, v0x5b0c06aa79a0_174, v0x5b0c06aa79a0_175, v0x5b0c06aa79a0_176, v0x5b0c06aa79a0_177;
v0x5b0c06aa79a0_178 .array/port v0x5b0c06aa79a0, 178;
v0x5b0c06aa79a0_179 .array/port v0x5b0c06aa79a0, 179;
v0x5b0c06aa79a0_180 .array/port v0x5b0c06aa79a0, 180;
v0x5b0c06aa79a0_181 .array/port v0x5b0c06aa79a0, 181;
E_0x5b0c06a709b0/45 .event anyedge, v0x5b0c06aa79a0_178, v0x5b0c06aa79a0_179, v0x5b0c06aa79a0_180, v0x5b0c06aa79a0_181;
v0x5b0c06aa79a0_182 .array/port v0x5b0c06aa79a0, 182;
v0x5b0c06aa79a0_183 .array/port v0x5b0c06aa79a0, 183;
v0x5b0c06aa79a0_184 .array/port v0x5b0c06aa79a0, 184;
v0x5b0c06aa79a0_185 .array/port v0x5b0c06aa79a0, 185;
E_0x5b0c06a709b0/46 .event anyedge, v0x5b0c06aa79a0_182, v0x5b0c06aa79a0_183, v0x5b0c06aa79a0_184, v0x5b0c06aa79a0_185;
v0x5b0c06aa79a0_186 .array/port v0x5b0c06aa79a0, 186;
v0x5b0c06aa79a0_187 .array/port v0x5b0c06aa79a0, 187;
v0x5b0c06aa79a0_188 .array/port v0x5b0c06aa79a0, 188;
v0x5b0c06aa79a0_189 .array/port v0x5b0c06aa79a0, 189;
E_0x5b0c06a709b0/47 .event anyedge, v0x5b0c06aa79a0_186, v0x5b0c06aa79a0_187, v0x5b0c06aa79a0_188, v0x5b0c06aa79a0_189;
v0x5b0c06aa79a0_190 .array/port v0x5b0c06aa79a0, 190;
v0x5b0c06aa79a0_191 .array/port v0x5b0c06aa79a0, 191;
v0x5b0c06aa79a0_192 .array/port v0x5b0c06aa79a0, 192;
v0x5b0c06aa79a0_193 .array/port v0x5b0c06aa79a0, 193;
E_0x5b0c06a709b0/48 .event anyedge, v0x5b0c06aa79a0_190, v0x5b0c06aa79a0_191, v0x5b0c06aa79a0_192, v0x5b0c06aa79a0_193;
v0x5b0c06aa79a0_194 .array/port v0x5b0c06aa79a0, 194;
v0x5b0c06aa79a0_195 .array/port v0x5b0c06aa79a0, 195;
v0x5b0c06aa79a0_196 .array/port v0x5b0c06aa79a0, 196;
v0x5b0c06aa79a0_197 .array/port v0x5b0c06aa79a0, 197;
E_0x5b0c06a709b0/49 .event anyedge, v0x5b0c06aa79a0_194, v0x5b0c06aa79a0_195, v0x5b0c06aa79a0_196, v0x5b0c06aa79a0_197;
v0x5b0c06aa79a0_198 .array/port v0x5b0c06aa79a0, 198;
v0x5b0c06aa79a0_199 .array/port v0x5b0c06aa79a0, 199;
v0x5b0c06aa79a0_200 .array/port v0x5b0c06aa79a0, 200;
v0x5b0c06aa79a0_201 .array/port v0x5b0c06aa79a0, 201;
E_0x5b0c06a709b0/50 .event anyedge, v0x5b0c06aa79a0_198, v0x5b0c06aa79a0_199, v0x5b0c06aa79a0_200, v0x5b0c06aa79a0_201;
v0x5b0c06aa79a0_202 .array/port v0x5b0c06aa79a0, 202;
v0x5b0c06aa79a0_203 .array/port v0x5b0c06aa79a0, 203;
v0x5b0c06aa79a0_204 .array/port v0x5b0c06aa79a0, 204;
v0x5b0c06aa79a0_205 .array/port v0x5b0c06aa79a0, 205;
E_0x5b0c06a709b0/51 .event anyedge, v0x5b0c06aa79a0_202, v0x5b0c06aa79a0_203, v0x5b0c06aa79a0_204, v0x5b0c06aa79a0_205;
v0x5b0c06aa79a0_206 .array/port v0x5b0c06aa79a0, 206;
v0x5b0c06aa79a0_207 .array/port v0x5b0c06aa79a0, 207;
v0x5b0c06aa79a0_208 .array/port v0x5b0c06aa79a0, 208;
v0x5b0c06aa79a0_209 .array/port v0x5b0c06aa79a0, 209;
E_0x5b0c06a709b0/52 .event anyedge, v0x5b0c06aa79a0_206, v0x5b0c06aa79a0_207, v0x5b0c06aa79a0_208, v0x5b0c06aa79a0_209;
v0x5b0c06aa79a0_210 .array/port v0x5b0c06aa79a0, 210;
v0x5b0c06aa79a0_211 .array/port v0x5b0c06aa79a0, 211;
v0x5b0c06aa79a0_212 .array/port v0x5b0c06aa79a0, 212;
v0x5b0c06aa79a0_213 .array/port v0x5b0c06aa79a0, 213;
E_0x5b0c06a709b0/53 .event anyedge, v0x5b0c06aa79a0_210, v0x5b0c06aa79a0_211, v0x5b0c06aa79a0_212, v0x5b0c06aa79a0_213;
v0x5b0c06aa79a0_214 .array/port v0x5b0c06aa79a0, 214;
v0x5b0c06aa79a0_215 .array/port v0x5b0c06aa79a0, 215;
v0x5b0c06aa79a0_216 .array/port v0x5b0c06aa79a0, 216;
v0x5b0c06aa79a0_217 .array/port v0x5b0c06aa79a0, 217;
E_0x5b0c06a709b0/54 .event anyedge, v0x5b0c06aa79a0_214, v0x5b0c06aa79a0_215, v0x5b0c06aa79a0_216, v0x5b0c06aa79a0_217;
v0x5b0c06aa79a0_218 .array/port v0x5b0c06aa79a0, 218;
v0x5b0c06aa79a0_219 .array/port v0x5b0c06aa79a0, 219;
v0x5b0c06aa79a0_220 .array/port v0x5b0c06aa79a0, 220;
v0x5b0c06aa79a0_221 .array/port v0x5b0c06aa79a0, 221;
E_0x5b0c06a709b0/55 .event anyedge, v0x5b0c06aa79a0_218, v0x5b0c06aa79a0_219, v0x5b0c06aa79a0_220, v0x5b0c06aa79a0_221;
v0x5b0c06aa79a0_222 .array/port v0x5b0c06aa79a0, 222;
v0x5b0c06aa79a0_223 .array/port v0x5b0c06aa79a0, 223;
v0x5b0c06aa79a0_224 .array/port v0x5b0c06aa79a0, 224;
v0x5b0c06aa79a0_225 .array/port v0x5b0c06aa79a0, 225;
E_0x5b0c06a709b0/56 .event anyedge, v0x5b0c06aa79a0_222, v0x5b0c06aa79a0_223, v0x5b0c06aa79a0_224, v0x5b0c06aa79a0_225;
v0x5b0c06aa79a0_226 .array/port v0x5b0c06aa79a0, 226;
v0x5b0c06aa79a0_227 .array/port v0x5b0c06aa79a0, 227;
v0x5b0c06aa79a0_228 .array/port v0x5b0c06aa79a0, 228;
v0x5b0c06aa79a0_229 .array/port v0x5b0c06aa79a0, 229;
E_0x5b0c06a709b0/57 .event anyedge, v0x5b0c06aa79a0_226, v0x5b0c06aa79a0_227, v0x5b0c06aa79a0_228, v0x5b0c06aa79a0_229;
v0x5b0c06aa79a0_230 .array/port v0x5b0c06aa79a0, 230;
v0x5b0c06aa79a0_231 .array/port v0x5b0c06aa79a0, 231;
v0x5b0c06aa79a0_232 .array/port v0x5b0c06aa79a0, 232;
v0x5b0c06aa79a0_233 .array/port v0x5b0c06aa79a0, 233;
E_0x5b0c06a709b0/58 .event anyedge, v0x5b0c06aa79a0_230, v0x5b0c06aa79a0_231, v0x5b0c06aa79a0_232, v0x5b0c06aa79a0_233;
v0x5b0c06aa79a0_234 .array/port v0x5b0c06aa79a0, 234;
v0x5b0c06aa79a0_235 .array/port v0x5b0c06aa79a0, 235;
v0x5b0c06aa79a0_236 .array/port v0x5b0c06aa79a0, 236;
v0x5b0c06aa79a0_237 .array/port v0x5b0c06aa79a0, 237;
E_0x5b0c06a709b0/59 .event anyedge, v0x5b0c06aa79a0_234, v0x5b0c06aa79a0_235, v0x5b0c06aa79a0_236, v0x5b0c06aa79a0_237;
v0x5b0c06aa79a0_238 .array/port v0x5b0c06aa79a0, 238;
v0x5b0c06aa79a0_239 .array/port v0x5b0c06aa79a0, 239;
v0x5b0c06aa79a0_240 .array/port v0x5b0c06aa79a0, 240;
v0x5b0c06aa79a0_241 .array/port v0x5b0c06aa79a0, 241;
E_0x5b0c06a709b0/60 .event anyedge, v0x5b0c06aa79a0_238, v0x5b0c06aa79a0_239, v0x5b0c06aa79a0_240, v0x5b0c06aa79a0_241;
v0x5b0c06aa79a0_242 .array/port v0x5b0c06aa79a0, 242;
v0x5b0c06aa79a0_243 .array/port v0x5b0c06aa79a0, 243;
v0x5b0c06aa79a0_244 .array/port v0x5b0c06aa79a0, 244;
v0x5b0c06aa79a0_245 .array/port v0x5b0c06aa79a0, 245;
E_0x5b0c06a709b0/61 .event anyedge, v0x5b0c06aa79a0_242, v0x5b0c06aa79a0_243, v0x5b0c06aa79a0_244, v0x5b0c06aa79a0_245;
v0x5b0c06aa79a0_246 .array/port v0x5b0c06aa79a0, 246;
v0x5b0c06aa79a0_247 .array/port v0x5b0c06aa79a0, 247;
v0x5b0c06aa79a0_248 .array/port v0x5b0c06aa79a0, 248;
v0x5b0c06aa79a0_249 .array/port v0x5b0c06aa79a0, 249;
E_0x5b0c06a709b0/62 .event anyedge, v0x5b0c06aa79a0_246, v0x5b0c06aa79a0_247, v0x5b0c06aa79a0_248, v0x5b0c06aa79a0_249;
v0x5b0c06aa79a0_250 .array/port v0x5b0c06aa79a0, 250;
v0x5b0c06aa79a0_251 .array/port v0x5b0c06aa79a0, 251;
v0x5b0c06aa79a0_252 .array/port v0x5b0c06aa79a0, 252;
v0x5b0c06aa79a0_253 .array/port v0x5b0c06aa79a0, 253;
E_0x5b0c06a709b0/63 .event anyedge, v0x5b0c06aa79a0_250, v0x5b0c06aa79a0_251, v0x5b0c06aa79a0_252, v0x5b0c06aa79a0_253;
v0x5b0c06aa79a0_254 .array/port v0x5b0c06aa79a0, 254;
v0x5b0c06aa79a0_255 .array/port v0x5b0c06aa79a0, 255;
E_0x5b0c06a709b0/64 .event anyedge, v0x5b0c06aa79a0_254, v0x5b0c06aa79a0_255;
E_0x5b0c06a709b0 .event/or E_0x5b0c06a709b0/0, E_0x5b0c06a709b0/1, E_0x5b0c06a709b0/2, E_0x5b0c06a709b0/3, E_0x5b0c06a709b0/4, E_0x5b0c06a709b0/5, E_0x5b0c06a709b0/6, E_0x5b0c06a709b0/7, E_0x5b0c06a709b0/8, E_0x5b0c06a709b0/9, E_0x5b0c06a709b0/10, E_0x5b0c06a709b0/11, E_0x5b0c06a709b0/12, E_0x5b0c06a709b0/13, E_0x5b0c06a709b0/14, E_0x5b0c06a709b0/15, E_0x5b0c06a709b0/16, E_0x5b0c06a709b0/17, E_0x5b0c06a709b0/18, E_0x5b0c06a709b0/19, E_0x5b0c06a709b0/20, E_0x5b0c06a709b0/21, E_0x5b0c06a709b0/22, E_0x5b0c06a709b0/23, E_0x5b0c06a709b0/24, E_0x5b0c06a709b0/25, E_0x5b0c06a709b0/26, E_0x5b0c06a709b0/27, E_0x5b0c06a709b0/28, E_0x5b0c06a709b0/29, E_0x5b0c06a709b0/30, E_0x5b0c06a709b0/31, E_0x5b0c06a709b0/32, E_0x5b0c06a709b0/33, E_0x5b0c06a709b0/34, E_0x5b0c06a709b0/35, E_0x5b0c06a709b0/36, E_0x5b0c06a709b0/37, E_0x5b0c06a709b0/38, E_0x5b0c06a709b0/39, E_0x5b0c06a709b0/40, E_0x5b0c06a709b0/41, E_0x5b0c06a709b0/42, E_0x5b0c06a709b0/43, E_0x5b0c06a709b0/44, E_0x5b0c06a709b0/45, E_0x5b0c06a709b0/46, E_0x5b0c06a709b0/47, E_0x5b0c06a709b0/48, E_0x5b0c06a709b0/49, E_0x5b0c06a709b0/50, E_0x5b0c06a709b0/51, E_0x5b0c06a709b0/52, E_0x5b0c06a709b0/53, E_0x5b0c06a709b0/54, E_0x5b0c06a709b0/55, E_0x5b0c06a709b0/56, E_0x5b0c06a709b0/57, E_0x5b0c06a709b0/58, E_0x5b0c06a709b0/59, E_0x5b0c06a709b0/60, E_0x5b0c06a709b0/61, E_0x5b0c06a709b0/62, E_0x5b0c06a709b0/63, E_0x5b0c06a709b0/64;
E_0x5b0c06a71340 .event posedge, v0x5b0c06aa7780_0;
S_0x5b0c06aaa540 .scope module, "instr_mem" "instruction_memory" 3 70, 3 26 0, S_0x5b0c06a72cd0;
 .timescale -9 -12;
    .port_info 0 /INPUT 32 "address";
    .port_info 1 /OUTPUT 32 "instruction";
L_0x5b0c06a88770 .functor BUFZ 32, L_0x5b0c06aace80, C4<00000000000000000000000000000000>, C4<00000000000000000000000000000000>, C4<00000000000000000000000000000000>;
v0x5b0c06aaa740_0 .net *"_ivl_0", 31 0, L_0x5b0c06aace80;  1 drivers
v0x5b0c06aaa840_0 .net *"_ivl_3", 7 0, L_0x5b0c06aacf50;  1 drivers
v0x5b0c06aaa920_0 .net *"_ivl_4", 9 0, L_0x5b0c06aad070;  1 drivers
L_0x7672ad929018 .functor BUFT 1, C4<00>, C4<0>, C4<0>, C4<0>;
v0x5b0c06aaa9e0_0 .net *"_ivl_7", 1 0, L_0x7672ad929018;  1 drivers
v0x5b0c06aaaac0_0 .net "address", 31 0, v0x5b0c06aac310_0;  1 drivers
v0x5b0c06aaabf0_0 .net "instruction", 31 0, L_0x5b0c06a88770;  alias, 1 drivers
v0x5b0c06aaacd0 .array "memory", 255 0, 31 0;
L_0x5b0c06aace80 .array/port v0x5b0c06aaacd0, L_0x5b0c06aad070;
L_0x5b0c06aacf50 .part v0x5b0c06aac310_0, 0, 8;
L_0x5b0c06aad070 .concat [ 8 2 0 0], L_0x5b0c06aacf50, L_0x7672ad929018;
    .scope S_0x5b0c06aaa540;
T_0 ;
    %pushi/vec4 51, 0, 32;
    %ix/load 4, 0, 0;
    %flag_set/imm 4, 0;
    %store/vec4a v0x5b0c06aaacd0, 4, 0;
    %pushi/vec4 55, 0, 32;
    %ix/load 4, 1, 0;
    %flag_set/imm 4, 0;
    %store/vec4a v0x5b0c06aaacd0, 4, 0;
    %pushi/vec4 49, 0, 32;
    %ix/load 4, 2, 0;
    %flag_set/imm 4, 0;
    %store/vec4a v0x5b0c06aaacd0, 4, 0;
    %pushi/vec4 34, 0, 32;
    %ix/load 4, 3, 0;
    %flag_set/imm 4, 0;
    %store/vec4a v0x5b0c06aaacd0, 4, 0;
    %end;
    .thread T_0;
    .scope S_0x5b0c06a72f00;
T_1 ;
    %wait E_0x5b0c06a71340;
    %load/vec4 v0x5b0c06aa78e0_0;
    %flag_set/vec4 8;
    %jmp/0xz  T_1.0, 8;
    %load/vec4 v0x5b0c06aaa3a0_0;
    %load/vec4 v0x5b0c06a35d50_0;
    %parti/s 8, 0, 2;
    %pad/u 10;
    %ix/vec4 3;
    %ix/load 4, 0, 0; Constant delay
    %assign/vec4/a/d v0x5b0c06aa79a0, 0, 4;
T_1.0 ;
    %jmp T_1;
    .thread T_1;
    .scope S_0x5b0c06a72f00;
T_2 ;
    %wait E_0x5b0c06a709b0;
    %load/vec4 v0x5b0c06aa7840_0;
    %flag_set/vec4 8;
    %jmp/0xz  T_2.0, 8;
    %load/vec4 v0x5b0c06a35d50_0;
    %parti/s 8, 0, 2;
    %pad/u 10;
    %ix/vec4 4;
    %load/vec4a v0x5b0c06aa79a0, 4;
    %store/vec4 v0x5b0c06aaa2c0_0, 0, 32;
    %jmp T_2.1;
T_2.0 ;
    %pushi/vec4 0, 0, 32;
    %store/vec4 v0x5b0c06aaa2c0_0, 0, 32;
T_2.1 ;
    %jmp T_2;
    .thread T_2, $push;
    .scope S_0x5b0c06a72cd0;
T_3 ;
    %pushi/vec4 0, 0, 32;
    %store/vec4 v0x5b0c06aac310_0, 0, 32;
    %pushi/vec4 0, 0, 32;
    %ix/load 4, 0, 0;
    %flag_set/imm 4, 0;
    %store/vec4a v0x5b0c06aac5a0, 4, 0;
    %end;
    .thread T_3;
    .scope S_0x5b0c06a72cd0;
T_4 ;
    %wait E_0x5b0c06a71340;
    %load/vec4 v0x5b0c06aac820_0;
    %flag_set/vec4 8;
    %jmp/0xz  T_4.0, 8;
    %pushi/vec4 0, 0, 32;
    %assign/vec4 v0x5b0c06aac310_0, 0;
    %jmp T_4.1;
T_4.0 ;
    %load/vec4 v0x5b0c06aac250_0;
    %dup/vec4;
    %pushi/vec4 51, 0, 7;
    %cmp/u;
    %jmp/1 T_4.2, 6;
    %dup/vec4;
    %pushi/vec4 19, 0, 7;
    %cmp/u;
    %jmp/1 T_4.3, 6;
    %dup/vec4;
    %pushi/vec4 3, 0, 7;
    %cmp/u;
    %jmp/1 T_4.4, 6;
    %dup/vec4;
    %pushi/vec4 35, 0, 7;
    %cmp/u;
    %jmp/1 T_4.5, 6;
    %jmp T_4.6;
T_4.2 ;
    %load/vec4 v0x5b0c06aabd40_0;
    %dup/vec4;
    %pushi/vec4 0, 0, 4;
    %cmp/u;
    %jmp/1 T_4.7, 6;
    %dup/vec4;
    %pushi/vec4 4, 0, 4;
    %cmp/u;
    %jmp/1 T_4.8, 6;
    %jmp T_4.9;
T_4.7 ;
    %load/vec4 v0x5b0c06aac0e0_0;
    %load/vec4 v0x5b0c06aac180_0;
    %add;
    %load/vec4 v0x5b0c06aac4c0_0;
    %pad/u 7;
    %ix/vec4 3;
    %ix/load 4, 0, 0; Constant delay
    %assign/vec4/a/d v0x5b0c06aac5a0, 0, 4;
    %jmp T_4.9;
T_4.8 ;
    %load/vec4 v0x5b0c06aac0e0_0;
    %load/vec4 v0x5b0c06aac180_0;
    %sub;
    %load/vec4 v0x5b0c06aac4c0_0;
    %pad/u 7;
    %ix/vec4 3;
    %ix/load 4, 0, 0; Constant delay
    %assign/vec4/a/d v0x5b0c06aac5a0, 0, 4;
    %jmp T_4.9;
T_4.9 ;
    %pop/vec4 1;
    %pushi/vec4 0, 0, 1;
    %assign/vec4 v0x5b0c06aac040_0, 0;
    %pushi/vec4 0, 0, 1;
    %assign/vec4 v0x5b0c06aabfa0_0, 0;
    %jmp T_4.6;
T_4.3 ;
    %load/vec4 v0x5b0c06aabd40_0;
    %dup/vec4;
    %pushi/vec4 0, 0, 4;
    %cmp/u;
    %jmp/1 T_4.10, 6;
    %jmp T_4.11;
T_4.10 ;
    %load/vec4 v0x5b0c06aac0e0_0;
    %load/vec4 v0x5b0c06aabe00_0;
    %add;
    %load/vec4 v0x5b0c06aac4c0_0;
    %pad/u 7;
    %ix/vec4 3;
    %ix/load 4, 0, 0; Constant delay
    %assign/vec4/a/d v0x5b0c06aac5a0, 0, 4;
    %jmp T_4.11;
T_4.11 ;
    %pop/vec4 1;
    %pushi/vec4 0, 0, 1;
    %assign/vec4 v0x5b0c06aac040_0, 0;
    %pushi/vec4 0, 0, 1;
    %assign/vec4 v0x5b0c06aabfa0_0, 0;
    %jmp T_4.6;
T_4.4 ;
    %load/vec4 v0x5b0c06aabd40_0;
    %dup/vec4;
    %pushi/vec4 2, 0, 4;
    %cmp/u;
    %jmp/1 T_4.12, 6;
    %jmp T_4.13;
T_4.12 ;
    %load/vec4 v0x5b0c06aabca0_0;
    %load/vec4 v0x5b0c06aac4c0_0;
    %pad/u 7;
    %ix/vec4 3;
    %ix/load 4, 0, 0; Constant delay
    %assign/vec4/a/d v0x5b0c06aac5a0, 0, 4;
    %jmp T_4.13;
T_4.13 ;
    %pop/vec4 1;
    %pushi/vec4 0, 0, 1;
    %assign/vec4 v0x5b0c06aac040_0, 0;
    %pushi/vec4 1, 0, 1;
    %assign/vec4 v0x5b0c06aabfa0_0, 0;
    %jmp T_4.6;
T_4.5 ;
    %load/vec4 v0x5b0c06aabd40_0;
    %dup/vec4;
    %pushi/vec4 2, 0, 4;
    %cmp/u;
    %jmp/1 T_4.14, 6;
    %jmp T_4.15;
T_4.14 ;
    %pushi/vec4 1, 0, 1;
    %assign/vec4 v0x5b0c06aac040_0, 0;
    %jmp T_4.15;
T_4.15 ;
    %pop/vec4 1;
    %pushi/vec4 0, 0, 1;
    %assign/vec4 v0x5b0c06aabfa0_0, 0;
    %jmp T_4.6;
T_4.6 ;
    %pop/vec4 1;
    %load/vec4 v0x5b0c06aac310_0;
    %addi 4, 0, 32;
    %assign/vec4 v0x5b0c06aac310_0, 0;
T_4.1 ;
    %jmp T_4;
    .thread T_4;
    .scope S_0x5b0c06a6c9a0;
T_5 ;
    %pushi/vec4 0, 0, 1;
    %store/vec4 v0x5b0c06aacbe0_0, 0, 1;
T_5.0 ;
    %delay 5000, 0;
    %load/vec4 v0x5b0c06aacbe0_0;
    %inv;
    %store/vec4 v0x5b0c06aacbe0_0, 0, 1;
    %jmp T_5.0;
    %end;
    .thread T_5;
    .scope S_0x5b0c06a6c9a0;
T_6 ;
    %pushi/vec4 1, 0, 1;
    %store/vec4 v0x5b0c06aacd90_0, 0, 1;
    %delay 10000, 0;
    %pushi/vec4 0, 0, 1;
    %store/vec4 v0x5b0c06aacd90_0, 0, 1;
    %delay 100000, 0;
    %vpi_call 2 32 "$stop" {0 0 0};
    %end;
    .thread T_6;
    .scope S_0x5b0c06a6c9a0;
T_7 ;
    %vpi_call 2 37 "$monitor", "Time: %t | PC: %h", $time, v0x5b0c06aacc80_0 {0 0 0};
    %end;
    .thread T_7;
# The file index is used to find the file name in the following table.
:file_names 4;
    "N/A";
    "<interactive>";
    "testbench.v";
    "rv32i.v";
